Error in plot.window(...) : need finite 'ylim' values
Calls: plot -> plot.default -> localWindow -> plot.window
In addition: Warning message:
In max(df$idx_scan, na.rm = T) :
  no non-missing arguments to max; returning -Inf
Execution halted
Error in plot.window(...) : need finite 'ylim' values
Calls: plot -> plot.default -> localWindow -> plot.window
In addition: Warning message:
In max(df$idx_scan, na.rm = T) :
  no non-missing arguments to max; returning -Inf
Execution halted
Error in plot.window(...) : need finite 'ylim' values
Calls: plot -> plot.default -> localWindow -> plot.window
In addition: Warning message:
In max(df$toast_blks_read, na.rm = T) :
  no non-missing arguments to max; returning -Inf
Execution halted
Error in plot.window(...) : need finite 'ylim' values
Calls: plot -> plot.default -> localWindow -> plot.window
In addition: Warning message:
In max(df$tidx_read, na.rm = T) :
  no non-missing arguments to max; returning -Inf
Execution halted
Error in plot.window(...) : need finite 'ylim' values
Calls: plot -> plot.default -> localWindow -> plot.window
In addition: Warning message:
In max(df$tidx_read, na.rm = T) :
  no non-missing arguments to max; returning -Inf
Execution halted
Error in plot.window(...) : need finite 'ylim' values
Calls: plot -> plot.default -> localWindow -> plot.window
In addition: Warning message:
In max(df$tidx_read, na.rm = T) :
  no non-missing arguments to max; returning -Inf
Execution halted
Error in plot.window(...) : need finite 'ylim' values
Calls: plot -> plot.default -> localWindow -> plot.window
In addition: Warning message:
In max(df$tidx_read, na.rm = T) :
  no non-missing arguments to max; returning -Inf
Execution halted
Error in plot.window(...) : need finite 'ylim' values
Calls: plot -> plot.default -> localWindow -> plot.window
In addition: Warning message:
In max(df$tidx_read, na.rm = T) :
  no non-missing arguments to max; returning -Inf
Execution halted
Error in plot.window(...) : need finite 'ylim' values
Calls: plot -> plot.default -> localWindow -> plot.window
In addition: Warning message:
In max(df$toast_blks_read, na.rm = T) :
  no non-missing arguments to max; returning -Inf
Execution halted
Error in plot.window(...) : need finite 'ylim' values
Calls: plot -> plot.default -> localWindow -> plot.window
In addition: Warning message:
In max(df$idx_scan, na.rm = T) :
  no non-missing arguments to max; returning -Inf
Execution halted
Error in plot.window(...) : need finite 'ylim' values
Calls: plot -> plot.default -> localWindow -> plot.window
In addition: Warning message:
In max(df$idx_scan, na.rm = T) :
  no non-missing arguments to max; returning -Inf
Execution halted
Error in plot.window(...) : need finite 'ylim' values
Calls: plot -> plot.default -> localWindow -> plot.window
In addition: Warning message:
In max(df$toast_blks_read, na.rm = T) :
  no non-missing arguments to max; returning -Inf
Execution halted
Error in plot.window(...) : need finite 'ylim' values
Calls: plot -> plot.default -> localWindow -> plot.window
In addition: Warning message:
In max(df$toast_blks_read, na.rm = T) :
  no non-missing arguments to max; returning -Inf
Execution halted
Error in plot.window(...) : need finite 'ylim' values
Calls: plot -> plot.default -> localWindow -> plot.window
In addition: Warning message:
In max(df$tidx_read, na.rm = T) :
  no non-missing arguments to max; returning -Inf
Execution halted
Error in plot.window(...) : need finite 'ylim' values
Calls: plot -> plot.default -> localWindow -> plot.window
In addition: Warning message:
In max(df$tidx_read, na.rm = T) :
  no non-missing arguments to max; returning -Inf
Execution halted
Error in plot.window(...) : need finite 'ylim' values
Calls: plot -> plot.default -> localWindow -> plot.window
In addition: Warning message:
In max(df$tidx_read, na.rm = T) :
  no non-missing arguments to max; returning -Inf
Execution halted
Error in plot.window(...) : need finite 'ylim' values
Calls: plot -> plot.default -> localWindow -> plot.window
In addition: Warning message:
In max(df$tidx_read, na.rm = T) :
  no non-missing arguments to max; returning -Inf
Execution halted
Error in plot.window(...) : need finite 'ylim' values
Calls: plot -> plot.default -> localWindow -> plot.window
In addition: Warning message:
In max(df$tidx_read, na.rm = T) :
  no non-missing arguments to max; returning -Inf
Execution halted
